
SQL*Loader: Release 10.2.0.1.0 - Production on Wed Nov 14 12:00:50 2012

Copyright (c) 1982, 2005, Oracle.  All rights reserved.

Control File:   loader_Department.ctl
Data File:      ./Department.csv
  Bad File:     Department.bad
  Discard File:  none specified
 
 (Allow all discards)

Number to load: ALL
Number to skip: 0
Errors allowed: 50
Bind array:     64 rows, maximum of 256000 bytes
Continuation:    none specified
Path used:      Conventional

Table DEPARTMENT, loaded from every logical record.
Insert option in effect for this table: INSERT

   Column Name                  Position   Len  Term Encl Datatype
------------------------------ ---------- ----- ---- ---- ---------------------
DID                                 FIRST     *   ,       CHARACTER            
    Enclosure string : '""'
MAJOR                                NEXT     *   ,       CHARACTER            
    Enclosure string : '""'

Record 2: Rejected - Error on table DEPARTMENT.
ORA-00001: unique constraint (FL2312.SYS_C00303158) violated

Record 3: Rejected - Error on table DEPARTMENT.
ORA-00001: unique constraint (FL2312.SYS_C00303158) violated

Record 5: Rejected - Error on table DEPARTMENT.
ORA-00001: unique constraint (FL2312.SYS_C00303158) violated

Record 6: Rejected - Error on table DEPARTMENT.
ORA-00001: unique constraint (FL2312.SYS_C00303158) violated

Record 8: Rejected - Error on table DEPARTMENT.
ORA-00001: unique constraint (FL2312.SYS_C00303158) violated

Record 9: Rejected - Error on table DEPARTMENT.
ORA-00001: unique constraint (FL2312.SYS_C00303158) violated

Record 11: Rejected - Error on table DEPARTMENT.
ORA-00001: unique constraint (FL2312.SYS_C00303158) violated

Record 12: Rejected - Error on table DEPARTMENT.
ORA-00001: unique constraint (FL2312.SYS_C00303158) violated

Record 13: Rejected - Error on table DEPARTMENT.
ORA-00001: unique constraint (FL2312.SYS_C00303158) violated

Record 14: Rejected - Error on table DEPARTMENT.
ORA-00001: unique constraint (FL2312.SYS_C00303158) violated

Record 15: Rejected - Error on table DEPARTMENT.
ORA-00001: unique constraint (FL2312.SYS_C00303158) violated

Record 16: Rejected - Error on table DEPARTMENT.
ORA-00001: unique constraint (FL2312.SYS_C00303158) violated

Record 17: Rejected - Error on table DEPARTMENT.
ORA-00001: unique constraint (FL2312.SYS_C00303158) violated

Record 19: Rejected - Error on table DEPARTMENT.
ORA-00001: unique constraint (FL2312.SYS_C00303158) violated

Record 20: Rejected - Error on table DEPARTMENT.
ORA-00001: unique constraint (FL2312.SYS_C00303158) violated

Record 22: Rejected - Error on table DEPARTMENT.
ORA-00001: unique constraint (FL2312.SYS_C00303158) violated

Record 23: Rejected - Error on table DEPARTMENT.
ORA-00001: unique constraint (FL2312.SYS_C00303158) violated

Record 24: Rejected - Error on table DEPARTMENT.
ORA-00001: unique constraint (FL2312.SYS_C00303158) violated

Record 25: Rejected - Error on table DEPARTMENT.
ORA-00001: unique constraint (FL2312.SYS_C00303158) violated

Record 26: Rejected - Error on table DEPARTMENT.
ORA-00001: unique constraint (FL2312.SYS_C00303158) violated

Record 27: Rejected - Error on table DEPARTMENT.
ORA-00001: unique constraint (FL2312.SYS_C00303158) violated

Record 29: Rejected - Error on table DEPARTMENT.
ORA-00001: unique constraint (FL2312.SYS_C00303158) violated

Record 30: Rejected - Error on table DEPARTMENT.
ORA-00001: unique constraint (FL2312.SYS_C00303158) violated


Table DEPARTMENT:
  7 Rows successfully loaded.
  23 Rows not loaded due to data errors.
  0 Rows not loaded because all WHEN clauses were failed.
  0 Rows not loaded because all fields were null.


Space allocated for bind array:                  33024 bytes(64 rows)
Read   buffer bytes: 1048576

Total logical records skipped:          0
Total logical records read:            30
Total logical records rejected:        23
Total logical records discarded:        0

Run began on Wed Nov 14 12:00:50 2012
Run ended on Wed Nov 14 12:00:50 2012

Elapsed time was:     00:00:00.09
CPU time was:         00:00:00.01
