
SQL*Loader: Release 10.2.0.1.0 - Production on Wed Nov 14 12:00:50 2012

Copyright (c) 1982, 2005, Oracle.  All rights reserved.

Control File:   loader_Student_Service.ctl
Data File:      ./Student_Service.csv
  Bad File:     Student_Service.bad
  Discard File:  none specified
 
 (Allow all discards)

Number to load: ALL
Number to skip: 0
Errors allowed: 50
Bind array:     64 rows, maximum of 256000 bytes
Continuation:    none specified
Path used:      Conventional

Table STUDENT_SERVICE, loaded from every logical record.
Insert option in effect for this table: INSERT

   Column Name                  Position   Len  Term Encl Datatype
------------------------------ ---------- ----- ---- ---- ---------------------
STUDENT_NO                          FIRST     *   ,       CHARACTER            
    Enclosure string : '""'
HOUSING                              NEXT     *   ,       CHARACTER            
    Enclosure string : '""'
DINING                               NEXT     *   ,       CHARACTER            
    Enclosure string : '""'
VISA                                 NEXT     *   ,       CHARACTER            
    Enclosure string : '""'

Record 1: Rejected - Error on table STUDENT_SERVICE, column DINING.
ORA-01722: invalid number


Table STUDENT_SERVICE:
  30 Rows successfully loaded.
  1 Row not loaded due to data errors.
  0 Rows not loaded because all WHEN clauses were failed.
  0 Rows not loaded because all fields were null.


Space allocated for bind array:                  66048 bytes(64 rows)
Read   buffer bytes: 1048576

Total logical records skipped:          0
Total logical records read:            31
Total logical records rejected:         1
Total logical records discarded:        0

Run began on Wed Nov 14 12:00:50 2012
Run ended on Wed Nov 14 12:00:50 2012

Elapsed time was:     00:00:00.07
CPU time was:         00:00:00.00
