
SQL*Loader: Release 10.2.0.1.0 - Production on Wed Nov 14 12:00:50 2012

Copyright (c) 1982, 2005, Oracle.  All rights reserved.

Control File:   loader_Faculty.ctl
Data File:      ./Faculty.csv
  Bad File:     Faculty.bad
  Discard File:  none specified
 
 (Allow all discards)

Number to load: ALL
Number to skip: 0
Errors allowed: 50
Bind array:     64 rows, maximum of 256000 bytes
Continuation:    none specified
Path used:      Conventional

Table FACULTY, loaded from every logical record.
Insert option in effect for this table: INSERT

   Column Name                  Position   Len  Term Encl Datatype
------------------------------ ---------- ----- ---- ---- ---------------------
FID                                 FIRST     *   ,       CHARACTER            
    Enclosure string : '""'
NAME                                 NEXT     *   ,       CHARACTER            
    Enclosure string : '""'


Table FACULTY:
  11 Rows successfully loaded.
  0 Rows not loaded due to data errors.
  0 Rows not loaded because all WHEN clauses were failed.
  0 Rows not loaded because all fields were null.


Space allocated for bind array:                  33024 bytes(64 rows)
Read   buffer bytes: 1048576

Total logical records skipped:          0
Total logical records read:            11
Total logical records rejected:         0
Total logical records discarded:        0

Run began on Wed Nov 14 12:00:50 2012
Run ended on Wed Nov 14 12:00:50 2012

Elapsed time was:     00:00:00.06
CPU time was:         00:00:00.01
