
SQL*Loader: Release 10.2.0.1.0 - Production on Sun Oct 28 00:26:39 2012

Copyright (c) 1982, 2005, Oracle.  All rights reserved.

Control File:   loader_Register.ctl
Data File:      ./Register.csv
  Bad File:     Register.bad
  Discard File:  none specified
 
 (Allow all discards)

Number to load: ALL
Number to skip: 0
Errors allowed: 50
Bind array:     64 rows, maximum of 256000 bytes
Continuation:    none specified
Path used:      Conventional

Table REGISTER, loaded from every logical record.
Insert option in effect for this table: INSERT

   Column Name                  Position   Len  Term Encl Datatype
------------------------------ ---------- ----- ---- ---- ---------------------
CID                                 FIRST     *   ,       CHARACTER            
    Enclosure string : '""'
SID                                  NEXT     *   ,       CHARACTER            
    Enclosure string : '""'

Record 1: Rejected - Error on table REGISTER.
ORA-02291: integrity constraint (FL2312.SYS_C00275328) violated - parent key not found

Record 2: Rejected - Error on table REGISTER.
ORA-02291: integrity constraint (FL2312.SYS_C00275328) violated - parent key not found

Record 3: Rejected - Error on table REGISTER.
ORA-02291: integrity constraint (FL2312.SYS_C00275328) violated - parent key not found

Record 4: Rejected - Error on table REGISTER.
ORA-02291: integrity constraint (FL2312.SYS_C00275328) violated - parent key not found

Record 5: Rejected - Error on table REGISTER.
ORA-02291: integrity constraint (FL2312.SYS_C00275328) violated - parent key not found

Record 6: Rejected - Error on table REGISTER.
ORA-02291: integrity constraint (FL2312.SYS_C00275328) violated - parent key not found

Record 7: Rejected - Error on table REGISTER.
ORA-02291: integrity constraint (FL2312.SYS_C00275328) violated - parent key not found

Record 8: Rejected - Error on table REGISTER.
ORA-02291: integrity constraint (FL2312.SYS_C00275328) violated - parent key not found

Record 9: Rejected - Error on table REGISTER.
ORA-02291: integrity constraint (FL2312.SYS_C00275328) violated - parent key not found

Record 10: Rejected - Error on table REGISTER.
ORA-02291: integrity constraint (FL2312.SYS_C00275328) violated - parent key not found

Record 11: Rejected - Error on table REGISTER.
ORA-02291: integrity constraint (FL2312.SYS_C00275328) violated - parent key not found

Record 12: Rejected - Error on table REGISTER.
ORA-02291: integrity constraint (FL2312.SYS_C00275328) violated - parent key not found

Record 13: Rejected - Error on table REGISTER.
ORA-02291: integrity constraint (FL2312.SYS_C00275328) violated - parent key not found

Record 14: Rejected - Error on table REGISTER.
ORA-02291: integrity constraint (FL2312.SYS_C00275328) violated - parent key not found

Record 15: Rejected - Error on table REGISTER.
ORA-02291: integrity constraint (FL2312.SYS_C00275328) violated - parent key not found

Record 16: Rejected - Error on table REGISTER.
ORA-02291: integrity constraint (FL2312.SYS_C00275328) violated - parent key not found

Record 17: Rejected - Error on table REGISTER.
ORA-02291: integrity constraint (FL2312.SYS_C00275328) violated - parent key not found

Record 18: Rejected - Error on table REGISTER.
ORA-02291: integrity constraint (FL2312.SYS_C00275328) violated - parent key not found

Record 19: Rejected - Error on table REGISTER.
ORA-02291: integrity constraint (FL2312.SYS_C00275328) violated - parent key not found

Record 20: Rejected - Error on table REGISTER.
ORA-02291: integrity constraint (FL2312.SYS_C00275328) violated - parent key not found

Record 21: Rejected - Error on table REGISTER.
ORA-02291: integrity constraint (FL2312.SYS_C00275328) violated - parent key not found

Record 22: Rejected - Error on table REGISTER.
ORA-02291: integrity constraint (FL2312.SYS_C00275328) violated - parent key not found

Record 23: Rejected - Error on table REGISTER.
ORA-02291: integrity constraint (FL2312.SYS_C00275328) violated - parent key not found

Record 24: Rejected - Error on table REGISTER.
ORA-02291: integrity constraint (FL2312.SYS_C00275328) violated - parent key not found

Record 25: Rejected - Error on table REGISTER.
ORA-02291: integrity constraint (FL2312.SYS_C00275328) violated - parent key not found

Record 26: Rejected - Error on table REGISTER.
ORA-02291: integrity constraint (FL2312.SYS_C00275328) violated - parent key not found

Record 27: Rejected - Error on table REGISTER.
ORA-02291: integrity constraint (FL2312.SYS_C00275328) violated - parent key not found

Record 28: Rejected - Error on table REGISTER.
ORA-02291: integrity constraint (FL2312.SYS_C00275328) violated - parent key not found

Record 29: Rejected - Error on table REGISTER.
ORA-02291: integrity constraint (FL2312.SYS_C00275328) violated - parent key not found

Record 30: Rejected - Error on table REGISTER.
ORA-02291: integrity constraint (FL2312.SYS_C00275328) violated - parent key not found

Record 31: Rejected - Error on table REGISTER.
ORA-02291: integrity constraint (FL2312.SYS_C00275328) violated - parent key not found

Record 32: Rejected - Error on table REGISTER.
ORA-02291: integrity constraint (FL2312.SYS_C00275328) violated - parent key not found

Record 33: Rejected - Error on table REGISTER.
ORA-02291: integrity constraint (FL2312.SYS_C00275328) violated - parent key not found

Record 34: Rejected - Error on table REGISTER.
ORA-02291: integrity constraint (FL2312.SYS_C00275328) violated - parent key not found

Record 35: Rejected - Error on table REGISTER.
ORA-02291: integrity constraint (FL2312.SYS_C00275328) violated - parent key not found

Record 36: Rejected - Error on table REGISTER.
ORA-02291: integrity constraint (FL2312.SYS_C00275328) violated - parent key not found

Record 37: Rejected - Error on table REGISTER.
ORA-02291: integrity constraint (FL2312.SYS_C00275328) violated - parent key not found

Record 38: Rejected - Error on table REGISTER.
ORA-02291: integrity constraint (FL2312.SYS_C00275328) violated - parent key not found

Record 39: Rejected - Error on table REGISTER.
ORA-02291: integrity constraint (FL2312.SYS_C00275328) violated - parent key not found

Record 40: Rejected - Error on table REGISTER.
ORA-02291: integrity constraint (FL2312.SYS_C00275328) violated - parent key not found

Record 41: Rejected - Error on table REGISTER.
ORA-02291: integrity constraint (FL2312.SYS_C00275328) violated - parent key not found

Record 42: Rejected - Error on table REGISTER.
ORA-02291: integrity constraint (FL2312.SYS_C00275328) violated - parent key not found

Record 43: Rejected - Error on table REGISTER.
ORA-02291: integrity constraint (FL2312.SYS_C00275328) violated - parent key not found

Record 44: Rejected - Error on table REGISTER.
ORA-02291: integrity constraint (FL2312.SYS_C00275328) violated - parent key not found

Record 45: Rejected - Error on table REGISTER.
ORA-02291: integrity constraint (FL2312.SYS_C00275328) violated - parent key not found

Record 46: Rejected - Error on table REGISTER.
ORA-02291: integrity constraint (FL2312.SYS_C00275328) violated - parent key not found

Record 47: Rejected - Error on table REGISTER.
ORA-02291: integrity constraint (FL2312.SYS_C00275328) violated - parent key not found

Record 48: Rejected - Error on table REGISTER.
ORA-02291: integrity constraint (FL2312.SYS_C00275328) violated - parent key not found

Record 49: Rejected - Error on table REGISTER.
ORA-02291: integrity constraint (FL2312.SYS_C00275328) violated - parent key not found

Record 50: Rejected - Error on table REGISTER.
ORA-02291: integrity constraint (FL2312.SYS_C00275328) violated - parent key not found

Record 51: Rejected - Error on table REGISTER.
ORA-02291: integrity constraint (FL2312.SYS_C00275328) violated - parent key not found


MAXIMUM ERROR COUNT EXCEEDED - Above statistics reflect partial run.

Table REGISTER:
  0 Rows successfully loaded.
  51 Rows not loaded due to data errors.
  0 Rows not loaded because all WHEN clauses were failed.
  0 Rows not loaded because all fields were null.


Space allocated for bind array:                  33024 bytes(64 rows)
Read   buffer bytes: 1048576

Total logical records skipped:          0
Total logical records read:            64
Total logical records rejected:        51
Total logical records discarded:        0

Run began on Sun Oct 28 00:26:39 2012
Run ended on Sun Oct 28 00:26:40 2012

Elapsed time was:     00:00:00.17
CPU time was:         00:00:00.01
